<?xml version="1.0" encoding="UTF-8"?>
<!-- Generated by org.testng.reporters.JUnitReportReporter -->
<testsuite hostname="DESKTOP-J8HHU4P" failures="0" tests="2" name="com.qacart.todo.testCases.TodoTest" time="28.533" errors="0" timestamp="2024-08-03T23:25:33 BDT" skipped="0">
  <testcase classname="com.qacart.todo.testCases.TodoTest" name="shouldBeAbleToDeleteTodo" time="18.077"/>
  <system-out/>
  <testcase classname="com.qacart.todo.testCases.TodoTest" name="shouldBeAbleToAddATodo" time="10.456"/>
  <system-out/>
</testsuite> <!-- com.qacart.todo.testCases.TodoTest -->
