<?xml version="1.0" encoding="UTF-8"?>
<!-- Generated by org.testng.reporters.JUnitReportReporter -->
<testsuite hostname="DESKTOP-J8HHU4P" failures="0" tests="2" name="com.qacart.todo.testCases.TodoTest" time="79.529" errors="0" timestamp="2024-09-11T08:18:19 BDT" skipped="0">
  <testcase classname="com.qacart.todo.testCases.TodoTest" name="shouldBeAbleToDeleteTodo" time="40.237"/>
  <system-out/>
  <testcase classname="com.qacart.todo.testCases.TodoTest" name="shouldBeAbleToAddATodo" time="39.292"/>
  <system-out/>
</testsuite> <!-- com.qacart.todo.testCases.TodoTest -->
