<?xml version="1.0" encoding="UTF-8"?>
<!-- Generated by org.testng.reporters.JUnitReportReporter -->
<testsuite hostname="DESKTOP-J8HHU4P" failures="0" tests="1" name="com.qacart.todo.testCases.UserTest" time="16.764" errors="0" timestamp="2024-09-09T06:29:53 BDT" skipped="0">
  <testcase classname="com.qacart.todo.testCases.UserTest" name="shouldBeAbleToRegisterToTheApplication" time="16.764"/>
  <system-out/>
</testsuite> <!-- com.qacart.todo.testCases.UserTest -->
