<?xml version="1.0" encoding="UTF-8"?>
<!-- Generated by org.testng.reporters.JUnitReportReporter -->
<testsuite hostname="DESKTOP-J8HHU4P" failures="0" tests="2" name="com.qacart.todo.testCases.TodoTest" time="69.548" errors="0" timestamp="2024-09-11T08:27:00 BDT" skipped="0">
  <testcase classname="com.qacart.todo.testCases.TodoTest" name="shouldBeAbleToAddATodo" time="34.666"/>
  <system-out/>
  <testcase classname="com.qacart.todo.testCases.TodoTest" name="shouldBeAbleToDeleteTodo" time="34.882"/>
  <system-out/>
</testsuite> <!-- com.qacart.todo.testCases.TodoTest -->
